<?xml version="1.0" encoding="UTF-8"?>
<testng-results ignored="0" total="3" passed="3" failed="0" skipped="0">
  <reporter-output>
  </reporter-output>
  <suite started-at="2024-05-02T10:43:26 IST" name="Surefire suite" finished-at="2024-05-02T10:44:45 IST" duration-ms="78908">
    <groups>
    </groups>
    <test started-at="2024-05-02T10:43:26 IST" name="Surefire test" finished-at="2024-05-02T10:44:45 IST" duration-ms="78908">
      <class name="com.example.AppTest">
        <test-method is-config="true" signature="test()[pri:0, instance:com.example.AppTest@5dd6264]" started-at="2024-05-02T10:43:26 IST" name="test" finished-at="2024-05-02T10:43:28 IST" duration-ms="1862" status="PASS">
          <reporter-output>
          </reporter-output>
        </test-method> <!-- test -->
        <test-method is-config="true" signature="open()[pri:0, instance:com.example.AppTest@5dd6264]" started-at="2024-05-02T10:43:28 IST" name="open" finished-at="2024-05-02T10:43:48 IST" duration-ms="19537" status="PASS">
          <reporter-output>
          </reporter-output>
        </test-method> <!-- open -->
        <test-method signature="testCase1()[pri:0, instance:com.example.AppTest@5dd6264]" started-at="2024-05-02T10:43:48 IST" name="testCase1" finished-at="2024-05-02T10:44:07 IST" duration-ms="18942" status="PASS">
          <reporter-output>
          </reporter-output>
        </test-method> <!-- testCase1 -->
        <test-method is-config="true" signature="open()[pri:0, instance:com.example.AppTest@5dd6264]" started-at="2024-05-02T10:44:07 IST" name="open" finished-at="2024-05-02T10:44:17 IST" duration-ms="10138" status="PASS">
          <reporter-output>
          </reporter-output>
        </test-method> <!-- open -->
        <test-method signature="testCase2()[pri:1, instance:com.example.AppTest@5dd6264]" started-at="2024-05-02T10:44:17 IST" name="testCase2" finished-at="2024-05-02T10:44:27 IST" duration-ms="9849" status="PASS">
          <reporter-output>
          </reporter-output>
        </test-method> <!-- testCase2 -->
        <test-method is-config="true" signature="open()[pri:0, instance:com.example.AppTest@5dd6264]" started-at="2024-05-02T10:44:27 IST" name="open" finished-at="2024-05-02T10:44:35 IST" duration-ms="8413" status="PASS">
          <reporter-output>
          </reporter-output>
        </test-method> <!-- open -->
        <test-method signature="testCase3()[pri:2, instance:com.example.AppTest@5dd6264]" started-at="2024-05-02T10:44:35 IST" name="testCase3" finished-at="2024-05-02T10:44:45 IST" duration-ms="9724" status="PASS">
          <reporter-output>
          </reporter-output>
        </test-method> <!-- testCase3 -->
        <test-method is-config="true" signature="quit()[pri:0, instance:com.example.AppTest@5dd6264]" started-at="2024-05-02T10:44:45 IST" name="quit" finished-at="2024-05-02T10:44:45 IST" duration-ms="397" status="PASS">
          <reporter-output>
          </reporter-output>
        </test-method> <!-- quit -->
      </class> <!-- com.example.AppTest -->
    </test> <!-- Surefire test -->
  </suite> <!-- Surefire suite -->
</testng-results>
