<?xml version="1.0" encoding="UTF-8"?>
<!-- Generated by org.testng.reporters.JUnitXMLReporter -->
<testsuite ignored="0" hostname="Sasmita" failures="0" tests="3" name="Surefire test" time="78.908" errors="0" timestamp="2024-05-02T10:44:45 IST">
  <testcase classname="com.example.AppTest" name="testCase1" time="18.942"/>
  <testcase classname="com.example.AppTest" name="testCase2" time="9.849"/>
  <testcase classname="com.example.AppTest" name="testCase3" time="9.724"/>
</testsuite> <!-- Surefire test -->
